============================================================
财经日历守护进程启动
启动时间: 2026-07-06 16:59:08
  • 每天早上 6:00 刷新日历 ICS
  • 事件前 5 分钟推送钉钉通知
============================================================

🧪 测试钉钉 Webhook...
钉钉通知: ✓ 发送成功
✅ Webhook 连通性正常

──────────────────────────────────────────────────
🔄 [16:59:11] 刷新日历数据...
财经日历 ICS 生成器
运行日期: 2026-07-06
日期范围: 20260705 ~ 20260713 (共9天)
数据源: rl.fx678.com

  获取 2026-07-05 ... ✅ 从 /mnt/internal/workspace/calendar/cookies.json 加载了 10 个 Cookie
0 条
  获取 2026-07-06 ... 72 条
  获取 2026-07-07 ... 85 条
  获取 2026-07-08 ... 84 条
  获取 2026-07-09 ... 92 条
  获取 2026-07-10 ... 79 条
  获取 2026-07-11 ... 23 条
  获取 2026-07-12 ... 1 条
  获取 2026-07-13 ... 已经是最新的。
[main 4f98179] 2026-07-06 16:59:24
 9 files changed, 400 insertions(+), 372 deletions(-)
 create mode 100644 nohup.out
remote: Powered by [01;33mGITEE.COM [0m[1.1.23]        
remote: Set trace flag 08437f9e        
To gitee.com:obeya/calendar.git
   51546ee..4f98179  main -> main
30 条

总计: 466 条记录
  财经数据: 466 条

美国重要性拆分:
  高重要性 (含假期，子项过滤): 45 条
  中重要性: 0 条

美国关键重要事件 (CPI/PPI/非农/FOMC/GDP/假期 + 高重要性): 3 条

中国高重要性事件: 21 条

ICS 文件已生成到根目录:
  CN.ics (40,652 bytes)
  CN_HIGH.ics (18,615 bytes)
  DE.ics (15,403 bytes)
  EU.ics (4,900 bytes)
  JP.ics (25,875 bytes)
  US.ics (168,219 bytes)
  US_HIGH.ics (38,514 bytes)
  US_KEY.ics (2,943 bytes)
推送成功！
  📋 通知队列诊断: 共 466 个符合条件事件
     🕐 定时事件: 66 | 📅 全天事件: 0
     ⭐ 重要性不符: 375 | 🌍 国家不符: 25 | 📰 类型不符: 0
     ⏳ 已过期: 2 | 🔁 跨刷新已推: 0 | 🪞 批次内重复: 0
     ✅ 进入队列: 64
📢 通知队列: 64 条待发送
⏰ 下次刷新: 2026-07-07 06:00:00
──────────────────────────────────────────────────
🔔 [21:55:00] 推送: 美国                                6月                                ISM非制造业PMI 钉钉通知: ✓ 发送成功

──────────────────────────────────────────────────
🔄 [06:00:00] 刷新日历数据...
财经日历 ICS 生成器
运行日期: 2026-07-07
日期范围: 20260706 ~ 20260714 (共9天)
数据源: rl.fx678.com

  获取 2026-07-06 ... 68 条
  获取 2026-07-07 ... 89 条
  获取 2026-07-08 ... 84 条
  获取 2026-07-09 ... 92 条
  获取 2026-07-10 ... 79 条
  获取 2026-07-11 ... 23 条
  获取 2026-07-12 ... 1 条
  获取 2026-07-13 ... 30 条
  获取 2026-07-14 ... 已经是最新的。
[main 8bd2cd4] 2026-07-07 06:00:14
 10 files changed, 1417 insertions(+), 32 deletions(-)
remote: Powered by [01;33mGITEE.COM [0m[1.1.23]        
remote: Set trace flag 82441a92        
To gitee.com:obeya/calendar.git
   4f98179..8bd2cd4  main -> main
============================================================
财经日历守护进程启动
启动时间: 2026-07-07 16:46:08
  • 每天早上 6:00 刷新日历 ICS
  • 事件前 5 分钟推送钉钉通知
============================================================

🧪 测试钉钉 Webhook...
钉钉通知: ✓ 发送成功
✅ Webhook 连通性正常

──────────────────────────────────────────────────
🔄 [16:46:12] 刷新日历数据...
财经日历 ICS 生成器
运行日期: 2026-07-07
日期范围: 20260706 ~ 20260714 (共9天)
数据源: rl.fx678.com

  获取 2026-07-06 ... ✅ 从 /mnt/internal/workspace/calendar/cookies.json 加载了 10 个 Cookie
32 条
  获取 2026-07-07 ... 39 条
  获取 2026-07-08 ... 22 条
  获取 2026-07-09 ... 45 条
  获取 2026-07-10 ... 35 条
  获取 2026-07-11 ... 6 条
  获取 2026-07-12 ... 1 条
  获取 2026-07-13 ... 13 条
  获取 2026-07-14 ... 已经是最新的。
[main 479e3cb] 2026-07-07 16:46:28
 9 files changed, 197 insertions(+), 169 deletions(-)
remote: Powered by [01;33mGITEE.COM [0m[1.1.23]        
remote: Set trace flag 064871b8        
To gitee.com:obeya/calendar.git
   c459d9b..479e3cb  main -> main
28 条

总计: 221 条记录
  财经数据: 221 条

美国重要性拆分:
  高重要性 (含假期，子项过滤): 28 条
  中重要性: 0 条

美国关键重要事件 (CPI/PPI/非农/FOMC/GDP/假期 + 高重要性): 5 条

中国高重要性事件: 22 条

ICS 文件已生成到根目录:
  CN.ics (18,039 bytes)
  CN_HIGH.ics (14,321 bytes)
  DE.ics (5,644 bytes)
  EU.ics (2,631 bytes)
  JP.ics (10,248 bytes)
  US.ics (51,754 bytes)
  US_HIGH.ics (18,799 bytes)
  US_KEY.ics (3,445 bytes)
推送成功！
  📋 通知队列诊断: 共 221 个符合条件事件
     🕐 定时事件: 28 | 📅 全天事件: 0
     ⭐ 重要性不符: 150 | 🌍 国家不符: 43 | 📰 类型不符: 0
     ⏳ 已过期: 3 | 🔁 跨刷新已推: 0 | 🪞 批次内重复: 0
     ✅ 进入队列: 25
📢 通知队列: 25 条待发送
⏰ 下次刷新: 2026-07-08 06:00:00
──────────────────────────────────────────────────
🔔 [20:10:00] 推送: 美国 截至6月20日当周 ADP就业周度发布变动 (万人) 钉钉通知: ✓ 发送成功
🔔 [20:25:00] 推送: 美国 5月 贸易帐 (亿美元) 钉钉通知: ✓ 发送成功
🔔 [23:55:00] 推送: 美国 7月 EIA月报展望-当年美国原油产量 (万桶/日) 钉钉通知: ✓ 发送成功
🔔 [04:25:00] 推送: 美国 截至7月3日当周 API原油库存变动 (万桶) 钉钉通知: ✓ 发送成功

──────────────────────────────────────────────────
🔄 [06:00:00] 刷新日历数据...
财经日历 ICS 生成器
运行日期: 2026-07-08
日期范围: 20260707 ~ 20260715 (共9天)
数据源: rl.fx678.com

  获取 2026-07-07 ... 36 条
  获取 2026-07-08 ... 27 条
  获取 2026-07-09 ... 45 条
  获取 2026-07-10 ... 35 条
  获取 2026-07-11 ... 6 条
  获取 2026-07-12 ... 1 条
  获取 2026-07-13 ... 13 条
  获取 2026-07-14 ... 28 条
  获取 2026-07-15 ... 已经是最新的。
[main eb708a3] 2026-07-08 06:00:15
 9 files changed, 730 insertions(+), 272 deletions(-)
remote: Powered by [01;33mGITEE.COM [0m[1.1.23]        
remote: Set trace flag c24320a1        
To gitee.com:obeya/calendar.git
   479e3cb..eb708a3  main -> main
41 条

总计: 232 条记录
  财经数据: 232 条

美国重要性拆分:
  高重要性 (含假期，子项过滤): 34 条
  中重要性: 0 条

美国关键重要事件 (CPI/PPI/非农/FOMC/GDP/假期 + 高重要性): 6 条

中国高重要性事件: 28 条

ICS 文件已生成到根目录:
  CN.ics (23,213 bytes)
  CN_HIGH.ics (18,228 bytes)
  DE.ics (4,260 bytes)
  EU.ics (1,563 bytes)
  JP.ics (13,037 bytes)
  US.ics (58,256 bytes)
  US_HIGH.ics (23,195 bytes)
  US_KEY.ics (4,158 bytes)
推送成功！
  📋 通知队列诊断: 共 232 个符合条件事件
     🕐 定时事件: 30 | 📅 全天事件: 0
     ⭐ 重要性不符: 152 | 🌍 国家不符: 46 | 📰 类型不符: 0
     ⏳ 已过期: 2 | 🔁 跨刷新已推: 4 | 🪞 批次内重复: 0
     ✅ 进入队列: 28
📢 通知队列: 28 条待发送
⏰ 下次刷新: 2026-07-09 06:00:00
──────────────────────────────────────────────────
  🔗 合并 2 条 @ 06:30: 美国 7月7日 SPDR黄金持仓-每日更新 (吨), 美国 7月6日 COMEX黄金库存-每日更新 (百盎司)
🔔 [06:25:00] 推送: 美国 7月7日 SPDR黄金持仓-每日更新 (吨) 等 2 条 钉钉通知: ✓ 发送成功
🔔 [21:55:00] 推送: 美国 5月 批发库存月率终值 (%) 钉钉通知: ✓ 发送成功
🔔 [22:25:00] 推送: 美国 截至7月3日当周 EIA原油库存变动 (万桶) 钉钉通知: ✓ 发送成功
  🔗 合并 2 条 @ 01:00: 美国 7月8日 10年期国债竞拍-总金额 (亿美元), 美国 7月8日 10年期国债竞拍-高收益率 (%)
🔔 [00:55:00] 推送: 美国 7月8日 10年期国债竞拍-总金额 (亿美元) 等 2 条 钉钉通知: ✓ 发送成功

──────────────────────────────────────────────────
🔄 [06:00:00] 刷新日历数据...
财经日历 ICS 生成器
运行日期: 2026-07-09
日期范围: 20260708 ~ 20260716 (共9天)
数据源: rl.fx678.com

  获取 2026-07-08 ... 21 条
  获取 2026-07-09 ... 49 条
  获取 2026-07-10 ... 35 条
  获取 2026-07-11 ... 6 条
  获取 2026-07-12 ... 1 条
  获取 2026-07-13 ... 13 条
  获取 2026-07-14 ... 28 条
  获取 2026-07-15 ... 41 条
  获取 2026-07-16 ... 已经是最新的。
[main 1914bdf] 2026-07-09 06:00:15
 9 files changed, 610 insertions(+), 470 deletions(-)
remote: Powered by [01;33mGITEE.COM [0m[1.1.23]        
remote: Set trace flag 35431e92        
To gitee.com:obeya/calendar.git
   eb708a3..1914bdf  main -> main
33 条

总计: 227 条记录
  财经数据: 227 条

美国重要性拆分:
  高重要性 (含假期，子项过滤): 36 条
  中重要性: 0 条

美国关键重要事件 (CPI/PPI/非农/FOMC/GDP/假期 + 高重要性): 8 条

中国高重要性事件: 28 条

ICS 文件已生成到根目录:
  CN.ics (23,193 bytes)
  CN_HIGH.ics (18,306 bytes)
  DE.ics (3,615 bytes)
  EU.ics (2,195 bytes)
  JP.ics (11,846 bytes)
  US.ics (61,217 bytes)
  US_HIGH.ics (24,698 bytes)
  US_KEY.ics (5,577 bytes)
推送成功！
📢 通知队列: 28 条待发送
⏰ 下次刷新: 2026-07-10 06:00:00
──────────────────────────────────────────────────
  🔗 合并 2 条 @ 06:30: 美国 7月8日 SPDR黄金持仓-每日更新 (吨), 美国 7月7日 COMEX黄金库存-每日更新 (百盎司)
🔔 [06:25:00] 推送: 美国 7月8日 SPDR黄金持仓-每日更新 (吨) 等 2 条 钉钉通知: ✓ 发送成功
🔔 [20:25:00] 推送: 美国 截至7月4日当周 初请失业金人数 (万) 钉钉通知: ✓ 发送成功
🔔 [21:55:00] 推送: 美国 6月 成屋销售年化总数 (万户) 钉钉通知: ✓ 发送成功
🔔 [04:25:00] 推送: 美国 截至7月8日 美联储资产负债表 (万亿美元) 钉钉通知: ✓ 发送成功

──────────────────────────────────────────────────
🔄 [06:00:00] 刷新日历数据...
财经日历 ICS 生成器
运行日期: 2026-07-10
日期范围: 20260709 ~ 20260717 (共9天)
数据源: rl.fx678.com

  获取 2026-07-09 ... 35 条
  获取 2026-07-10 ... 32 条
  获取 2026-07-11 ... 6 条
  获取 2026-07-12 ... 0 条
  获取 2026-07-13 ... 14 条
  获取 2026-07-14 ... 28 条
  获取 2026-07-15 ... 42 条
  获取 2026-07-16 ... 34 条
  获取 2026-07-17 ... 已经是最新的。
[main 9d51925] 2026-07-10 06:00:15
 9 files changed, 550 insertions(+), 544 deletions(-)
remote: Powered by [01;33mGITEE.COM [0m[1.1.23]        
remote: Set trace flag 5b4ade89        
To gitee.com:obeya/calendar.git
   1914bdf..9d51925  main -> main
26 条

总计: 217 条记录
  财经数据: 217 条

美国重要性拆分:
  高重要性 (含假期，子项过滤): 37 条
  中重要性: 0 条

美国关键重要事件 (CPI/PPI/非农/FOMC/GDP/假期 + 高重要性): 9 条

中国高重要性事件: 28 条

ICS 文件已生成到根目录:
  CN.ics (23,220 bytes)
  CN_HIGH.ics (18,322 bytes)
  DE.ics (3,107 bytes)
  EU.ics (4,756 bytes)
  JP.ics (8,756 bytes)
  US.ics (56,946 bytes)
  US_HIGH.ics (24,899 bytes)
  US_KEY.ics (6,151 bytes)
推送成功！
📢 通知队列: 30 条待发送
⏰ 下次刷新: 2026-07-11 06:00:00
──────────────────────────────────────────────────
  🔗 合并 2 条 @ 06:30: 美国 7月9日 SPDR黄金持仓-每日更新 (吨), 美国 7月8日 COMEX黄金库存-每日更新 (百盎司)
🔔 [06:25:00] 推送: 美国 7月9日 SPDR黄金持仓-每日更新 (吨) 等 2 条 钉钉通知: ✓ 发送成功
🔔 [00:55:00] 推送: 美国 截至7月10日当周 全美钻井总数 (口) 钉钉通知: ✓ 发送成功

──────────────────────────────────────────────────
🔄 [06:00:00] 刷新日历数据...
财经日历 ICS 生成器
运行日期: 2026-07-11
日期范围: 20260710 ~ 20260718 (共9天)
数据源: rl.fx678.com

  获取 2026-07-10 ... 25 条
  获取 2026-07-11 ... 8 条
  获取 2026-07-12 ... 0 条
  获取 2026-07-13 ... 18 条
  获取 2026-07-14 ... 30 条
  获取 2026-07-15 ... 40 条
  获取 2026-07-16 ... 34 条
  获取 2026-07-17 ... 24 条
  获取 2026-07-18 ... 已经是最新的。
[main b00aa42] 2026-07-11 06:00:14
 9 files changed, 396 insertions(+), 664 deletions(-)
remote: Powered by [01;33mGITEE.COM [0m[1.1.23]        
remote: Set trace flag 1a4da889        
To gitee.com:obeya/calendar.git
   9d51925..b00aa42  main -> main
5 条

总计: 184 条记录
  财经数据: 184 条

美国重要性拆分:
  高重要性 (含假期，子项过滤): 35 条
  中重要性: 0 条

美国关键重要事件 (CPI/PPI/非农/FOMC/GDP/假期 + 高重要性): 8 条

中国高重要性事件: 25 条

ICS 文件已生成到根目录:
  CN.ics (21,197 bytes)
  CN_HIGH.ics (16,771 bytes)
  DE.ics (2,334 bytes)
  EU.ics (4,758 bytes)
  JP.ics (5,949 bytes)
  US.ics (53,331 bytes)
  US_HIGH.ics (23,746 bytes)
  US_KEY.ics (5,480 bytes)
推送成功！
📢 通知队列: 31 条待发送
⏰ 下次刷新: 2026-07-12 06:00:00
──────────────────────────────────────────────────
  🔗 合并 2 条 @ 06:30: 美国 7月10日 SPDR黄金持仓-每日更新 (吨), 美国 7月9日 COMEX黄金库存-每日更新 (百盎司)
🔔 [06:25:00] 推送: 美国 7月10日 SPDR黄金持仓-每日更新 (吨) 等 2 条 钉钉通知: ✓ 发送成功

──────────────────────────────────────────────────
🔄 [06:00:00] 刷新日历数据...
财经日历 ICS 生成器
运行日期: 2026-07-12
日期范围: 20260711 ~ 20260719 (共9天)
数据源: rl.fx678.com

  获取 2026-07-11 ... 6 条
  获取 2026-07-12 ... 0 条
  获取 2026-07-13 ... 20 条
  获取 2026-07-14 ... 30 条
  获取 2026-07-15 ... 40 条
  获取 2026-07-16 ... 34 条
  获取 2026-07-17 ... 24 条
  获取 2026-07-18 ... 5 条
  获取 2026-07-19 ... 已经是最新的。
[main 42ef586] 2026-07-12 06:00:14
 7 files changed, 71 insertions(+), 276 deletions(-)
remote: Powered by [01;33mGITEE.COM [0m[1.1.23]        
remote: Set trace flag 26482b83        
To gitee.com:obeya/calendar.git
   b00aa42..42ef586  main -> main
0 条

总计: 159 条记录
  财经数据: 159 条

美国重要性拆分:
  高重要性 (含假期，子项过滤): 32 条
  中重要性: 0 条

美国关键重要事件 (CPI/PPI/非农/FOMC/GDP/假期 + 高重要性): 8 条

中国高重要性事件: 23 条

ICS 文件已生成到根目录:
  CN.ics (19,750 bytes)
  CN_HIGH.ics (15,532 bytes)
  DE.ics (1,487 bytes)
  EU.ics (4,758 bytes)
  JP.ics (5,396 bytes)
  US.ics (48,074 bytes)
  US_HIGH.ics (21,823 bytes)
  US_KEY.ics (5,480 bytes)
推送成功！
📢 通知队列: 29 条待发送
⏰ 下次刷新: 2026-07-13 06:00:00
──────────────────────────────────────────────────

──────────────────────────────────────────────────
🔄 [06:00:00] 刷新日历数据...
财经日历 ICS 生成器
运行日期: 2026-07-13
日期范围: 20260712 ~ 20260720 (共9天)
数据源: rl.fx678.com

  获取 2026-07-12 ... 0 条
  获取 2026-07-13 ... 20 条
  获取 2026-07-14 ... 30 条
  获取 2026-07-15 ... 40 条
  获取 2026-07-16 ... 34 条
  获取 2026-07-17 ... 24 条
  获取 2026-07-18 ... 5 条
  获取 2026-07-19 ... 0 条
  获取 2026-07-20 ... 已经是最新的。
